  test.cpp
C:\Users\hayde\OneDrive\Documents\GitHub\Lunar-Lander\testVelocity.h(26,7): error C2660: 'TestVelocity::constructor_nonDefault': function does not take 0 arguments
  (compiling source file 'test.cpp')
      C:\Users\hayde\OneDrive\Documents\GitHub\Lunar-Lander\testVelocity.h(84,9):
      see declaration of 'TestVelocity::constructor_nonDefault'
      C:\Users\hayde\OneDrive\Documents\GitHub\Lunar-Lander\testVelocity.h(26,7):
      while trying to match the argument list '()'
  
C:\Users\hayde\OneDrive\Documents\GitHub\Lunar-Lander\testVelocity.h(86,14): error C2082: redefinition of formal parameter 'dx'
  (compiling source file 'test.cpp')
  
C:\Users\hayde\OneDrive\Documents\GitHub\Lunar-Lander\testVelocity.h(87,14): error C2082: redefinition of formal parameter 'dy'
  (compiling source file 'test.cpp')
  
  uiDraw.cpp
  velocity.cpp
  Generating Code...
